<testsuite failures="0"
           name="features/get.feature"
           skipped="0"
           tests="1"
           time="2.952429">
   <testcase classname="features.get" name="Fetch pet by id" time="2.952429">
      <system-out>* def random = ............................................................ passed
* def random_Integer = .................................................... passed
* def randomInt = ranInteger(3) ........................................... passed
* def randomstr = randomString(5) ......................................... passed
* print 'world' ........................................................... passed
* print randomstr ......................................................... passed
* def requestBody = ....................................................... passed
Given url baseurl ......................................................... passed
And request requestBody ................................................... passed
When method POST .......................................................... passed
Then status 200 ........................................................... passed
* print response .......................................................... passed
* def respId = response.id ................................................ passed
* print respId ............................................................ passed
Given url baseurl ......................................................... passed
And path respId ........................................................... passed
When method GET ........................................................... passed
Then status 200 ........................................................... passed
* print response .......................................................... passed
* def respStatus = response.status ........................................ passed
* match respStatus == response.status ..................................... passed</system-out>
   </testcase>
</testsuite>
